<?xml version="1.0" encoding="UTF-8"?>
<!-- Generated by org.testng.reporters.JUnitXMLReporter -->
<testsuite ignored="2" hostname="SRIKANTH" failures="0" tests="6" name="Default test" time="0.06" errors="0" timestamp="2024-07-20T20:34:05 IST">
  <testcase classname="TestNG.BaseClass" name="TC_002" time="0.007"/>
  <testcase classname="TestNG.OneTcExample" name="Test_01" time="0.003"/>
  <testcase classname="TestNG.MultipleTestCaseExample" name="TC_004" time="0.001"/>
  <testcase classname="TestNG.MultipleTestCaseExample" name="TC_002" time="0.001"/>
  <testcase classname="TestNG.MultipleTestCaseExample" name="TC_001" time="0.002"/>
  <testcase classname="TestNG.BaseClass" name="TC_002" time="0.001"/>
  <testcase classname="TestNG.BaseClass" name="@AfterTest TC_004" time="0.0">
    <ignored/>
  </testcase> <!-- @AfterTest TC_004 -->
  <testcase classname="TestNG.BaseClass" name="@BeforeTest TC_001" time="0.0">
    <ignored/>
  </testcase> <!-- @BeforeTest TC_001 -->
</testsuite> <!-- Default test -->
