<?xml version="1.0" encoding="UTF-8"?>
<!-- Generated by org.testng.reporters.JUnitXMLReporter -->
<testsuite ignored="2" hostname="SRIKANTH" failures="0" tests="3" name="Test" time="0.049" errors="0" timestamp="2024-07-20T22:03:23 IST">
  <testcase classname="TestNG.BaseClass" name="TC_002" time="0.008"/>
  <testcase classname="TestNG.OneTcExample" name="Test_01" time="0.002"/>
  <testcase classname="TestNG.MultipleTestCaseExample" name="TC_004" time="0.002"/>
  <testcase classname="TestNG.MultipleTestCaseExample" name="TC_001" time="0.0">
    <ignored/>
  </testcase> <!-- TC_001 -->
  <testcase classname="TestNG.MultipleTestCaseExample" name="TC_002" time="0.0">
    <ignored/>
  </testcase> <!-- TC_002 -->
</testsuite> <!-- Test -->
